<?xml version="1.0" encoding="UTF-8"?>
<!-- Generated by org.testng.reporters.JUnitReportReporter -->
<testsuite hostname="PC-20130407IWDV" name="testModel1.TestMavenSureFilePlugin" tests="1" failures="0" timestamp="1 Nov 2015 04:47:02 GMT" time="5.252" errors="0">
  <testcase name="loginBaidu" time="5.252" classname="testModel1.TestMavenSureFilePlugin"/>
</testsuite> <!-- testModel1.TestMavenSureFilePlugin -->
