<?xml version="1.0" encoding="UTF-8"?>
<!-- Generated by org.testng.reporters.JUnitReportReporter -->
<testsuite hostname="PC-20130407IWDV" name="testModel2.TestJavaInPom" tests="1" failures="0" timestamp="2 Nov 2015 13:32:23 GMT" time="11.227" errors="0">
  <testcase name="loginMail126" time="11.227" classname="testModel2.TestJavaInPom"/>
</testsuite> <!-- testModel2.TestJavaInPom -->
